<?xml version="1.0" encoding="UTF-8"?>
<testsuite xmlns:xsi="http://www.w3.org/2001/XMLSchema-instance" xsi:noNamespaceSchemaLocation="https://maven.apache.org/surefire/maven-surefire-plugin/xsd/surefire-test-report-3.0.xsd" version="3.0" name="org.example.PassageiroTest" time="0.13" tests="31" errors="0" skipped="0" failures="0">
  <properties>
    <property name="awt.toolkit" value="sun.awt.X11.XToolkit"/>
    <property name="java.specification.version" value="11"/>
    <property name="sun.cpu.isalist" value=""/>
    <property name="sun.jnu.encoding" value="UTF-8"/>
    <property name="java.class.path" value="/home/ubuntu/cadastro-passageiros-refatorado/target/test-classes:/home/ubuntu/cadastro-passageiros-refatorado/target/classes:/home/ubuntu/.m2/repository/org/junit/jupiter/junit-jupiter-api/5.12.2/junit-jupiter-api-5.12.2.jar:/home/ubuntu/.m2/repository/org/opentest4j/opentest4j/1.3.0/opentest4j-1.3.0.jar:/home/ubuntu/.m2/repository/org/junit/platform/junit-platform-commons/1.12.2/junit-platform-commons-1.12.2.jar:/home/ubuntu/.m2/repository/org/apiguardian/apiguardian-api/1.1.2/apiguardian-api-1.1.2.jar:/home/ubuntu/.m2/repository/org/junit/jupiter/junit-jupiter-engine/5.12.2/junit-jupiter-engine-5.12.2.jar:/home/ubuntu/.m2/repository/org/junit/platform/junit-platform-engine/1.12.2/junit-platform-engine-1.12.2.jar:/home/ubuntu/.m2/repository/org/junit/jupiter/junit-jupiter-params/5.12.2/junit-jupiter-params-5.12.2.jar:"/>
    <property name="java.vm.vendor" value="Ubuntu"/>
    <property name="sun.arch.data.model" value="64"/>
    <property name="java.vendor.url" value="https://ubuntu.com/"/>
    <property name="user.timezone" value=""/>
    <property name="java.vm.specification.version" value="11"/>
    <property name="os.name" value="Linux"/>
    <property name="sun.java.launcher" value="SUN_STANDARD"/>
    <property name="sun.boot.library.path" value="/usr/lib/jvm/java-11-openjdk-amd64/lib"/>
    <property name="sun.java.command" value="/home/ubuntu/cadastro-passageiros-refatorado/target/surefire/surefirebooter9791464030092522592.jar /home/ubuntu/cadastro-passageiros-refatorado/target/surefire 2025-05-15T18-50-24_883-jvmRun1 surefire17259047992930760113tmp surefire_0757742367574658012tmp"/>
    <property name="jdk.debug" value="release"/>
    <property name="surefire.test.class.path" value="/home/ubuntu/cadastro-passageiros-refatorado/target/test-classes:/home/ubuntu/cadastro-passageiros-refatorado/target/classes:/home/ubuntu/.m2/repository/org/junit/jupiter/junit-jupiter-api/5.12.2/junit-jupiter-api-5.12.2.jar:/home/ubuntu/.m2/repository/org/opentest4j/opentest4j/1.3.0/opentest4j-1.3.0.jar:/home/ubuntu/.m2/repository/org/junit/platform/junit-platform-commons/1.12.2/junit-platform-commons-1.12.2.jar:/home/ubuntu/.m2/repository/org/apiguardian/apiguardian-api/1.1.2/apiguardian-api-1.1.2.jar:/home/ubuntu/.m2/repository/org/junit/jupiter/junit-jupiter-engine/5.12.2/junit-jupiter-engine-5.12.2.jar:/home/ubuntu/.m2/repository/org/junit/platform/junit-platform-engine/1.12.2/junit-platform-engine-1.12.2.jar:/home/ubuntu/.m2/repository/org/junit/jupiter/junit-jupiter-params/5.12.2/junit-jupiter-params-5.12.2.jar:"/>
    <property name="sun.cpu.endian" value="little"/>
    <property name="user.home" value="/home/ubuntu"/>
    <property name="user.language" value="en"/>
    <property name="java.specification.vendor" value="Oracle Corporation"/>
    <property name="java.version.date" value="2025-04-15"/>
    <property name="java.home" value="/usr/lib/jvm/java-11-openjdk-amd64"/>
    <property name="file.separator" value="/"/>
    <property name="basedir" value="/home/ubuntu/cadastro-passageiros-refatorado"/>
    <property name="java.vm.compressedOopsMode" value="32-bit"/>
    <property name="line.separator" value="&#10;"/>
    <property name="java.specification.name" value="Java Platform API Specification"/>
    <property name="java.vm.specification.vendor" value="Oracle Corporation"/>
    <property name="java.awt.graphicsenv" value="sun.awt.X11GraphicsEnvironment"/>
    <property name="surefire.real.class.path" value="/home/ubuntu/cadastro-passageiros-refatorado/target/surefire/surefirebooter9791464030092522592.jar"/>
    <property name="sun.management.compiler" value="HotSpot 64-Bit Tiered Compilers"/>
    <property name="java.runtime.version" value="11.0.27+6-post-Ubuntu-0ubuntu122.04"/>
    <property name="user.name" value="ubuntu"/>
    <property name="path.separator" value=":"/>
    <property name="os.version" value="6.1.102"/>
    <property name="java.runtime.name" value="OpenJDK Runtime Environment"/>
    <property name="file.encoding" value="UTF-8"/>
    <property name="java.vm.name" value="OpenJDK 64-Bit Server VM"/>
    <property name="localRepository" value="/home/ubuntu/.m2/repository"/>
    <property name="java.vendor.url.bug" value="https://bugs.launchpad.net/ubuntu/+source/openjdk-lts"/>
    <property name="java.io.tmpdir" value="/tmp"/>
    <property name="java.version" value="11.0.27"/>
    <property name="user.dir" value="/home/ubuntu/cadastro-passageiros-refatorado"/>
    <property name="os.arch" value="amd64"/>
    <property name="java.vm.specification.name" value="Java Virtual Machine Specification"/>
    <property name="java.awt.printerjob" value="sun.print.PSPrinterJob"/>
    <property name="sun.os.patch.level" value="unknown"/>
    <property name="java.library.path" value="/usr/java/packages/lib:/usr/lib/x86_64-linux-gnu/jni:/lib/x86_64-linux-gnu:/usr/lib/x86_64-linux-gnu:/usr/lib/jni:/lib:/usr/lib"/>
    <property name="java.vm.info" value="mixed mode, sharing"/>
    <property name="java.vendor" value="Ubuntu"/>
    <property name="java.vm.version" value="11.0.27+6-post-Ubuntu-0ubuntu122.04"/>
    <property name="java.specification.maintenance.version" value="3"/>
    <property name="sun.io.unicode.encoding" value="UnicodeLittle"/>
    <property name="java.class.version" value="55.0"/>
  </properties>
  <testcase name="testValidarCpf_Nulo" classname="org.example.PassageiroTest" time="0.001"/>
  <testcase name="criacaoPassageiroComValoresValidos" classname="org.example.PassageiroTest" time="0.001"/>
  <testcase name="testValidarEmail_Invalido(String)[1]" classname="org.example.PassageiroTest" time="0.022"/>
  <testcase name="testValidarEmail_Invalido(String)[2]" classname="org.example.PassageiroTest" time="0.002"/>
  <testcase name="testValidarEmail_Invalido(String)[3]" classname="org.example.PassageiroTest" time="0.001"/>
  <testcase name="testValidarEmail_Invalido(String)[4]" classname="org.example.PassageiroTest" time="0.001"/>
  <testcase name="testValidarEmail_Invalido(String)[5]" classname="org.example.PassageiroTest" time="0.001"/>
  <testcase name="testValidarEmail_Invalido(String)[6]" classname="org.example.PassageiroTest" time="0.002"/>
  <testcase name="testValidarEmail_Invalido(String)[7]" classname="org.example.PassageiroTest" time="0.001"/>
  <testcase name="testValidarEmail_Invalido(String)[8]" classname="org.example.PassageiroTest" time="0.001"/>
  <testcase name="testToString" classname="org.example.PassageiroTest" time="0.01"/>
  <testcase name="testValidarEmail_Nulo" classname="org.example.PassageiroTest" time="0.001"/>
  <testcase name="testGetters" classname="org.example.PassageiroTest" time="0.001"/>
  <testcase name="criacaoPassageiroComCpfEmailPotencialmenteInvalidosNoConstrutor" classname="org.example.PassageiroTest" time="0.001"/>
  <testcase name="testValidarCpf_Invalido(String)[1]" classname="org.example.PassageiroTest" time="0.001"/>
  <testcase name="testValidarCpf_Invalido(String)[2]" classname="org.example.PassageiroTest" time="0.001"/>
  <testcase name="testValidarCpf_Invalido(String)[3]" classname="org.example.PassageiroTest" time="0.002"/>
  <testcase name="testValidarCpf_Invalido(String)[4]" classname="org.example.PassageiroTest" time="0.001"/>
  <testcase name="testValidarCpf_Invalido(String)[5]" classname="org.example.PassageiroTest" time="0.001"/>
  <testcase name="testValidarCpf_Invalido(String)[6]" classname="org.example.PassageiroTest" time="0"/>
  <testcase name="testValidarCpf_Invalido(String)[7]" classname="org.example.PassageiroTest" time="0.001"/>
  <testcase name="testValidarCpf_Invalido(String)[8]" classname="org.example.PassageiroTest" time="0.002"/>
  <testcase name="testValidarEmail_Valido(String)[1]" classname="org.example.PassageiroTest" time="0.001"/>
  <testcase name="testValidarEmail_Valido(String)[2]" classname="org.example.PassageiroTest" time="0.001"/>
  <testcase name="testValidarEmail_Valido(String)[3]" classname="org.example.PassageiroTest" time="0.001"/>
  <testcase name="testSetters" classname="org.example.PassageiroTest" time="0"/>
  <testcase name="testValidarCpf_Valido(String)[1]" classname="org.example.PassageiroTest" time="0.001"/>
  <testcase name="testValidarCpf_Valido(String)[2]" classname="org.example.PassageiroTest" time="0.001"/>
  <testcase name="testValidarCpf_Valido(String)[3]" classname="org.example.PassageiroTest" time="0.001"/>
  <testcase name="testValidarCpf_Valido(String)[4]" classname="org.example.PassageiroTest" time="0.001"/>
  <testcase name="testValidarCpf_Valido(String)[5]" classname="org.example.PassageiroTest" time="0.001"/>
</testsuite>